2025-06-03 13:17:02 - MOD: Modification Default

FILE: system/engine/action.php
REGEX: ~(require|include)(_once)?\(([^)]+)~
LINE: 69

FILE: system/engine/loader.php
REGEX: ~(require|include)(_once)?\(([^)]+)~
LINE: 77
LINE: 151
LINE: 168

FILE: system/library/config.php
REGEX: ~(require|include)(_once)?\(([^)]+)~
LINE: 59

FILE: system/library/language.php
REGEX: ~(require|include)(_once)?\(([^)]+)~
LINE: 68
LINE: 74

FILE: system/library/template/template.php
REGEX: ~(require|include)(_once)?\(([^)]+)~
LINE: 18

FILE: system/library/template/twig.php
CODE: if (is_file($file)) {
LINE: 13
----------------------------------------------------------------
MOD: Luxshop - Agree Popup

FILE: catalog/view/theme/default/template/common/footer.twig
CODE: </footer>
LINE: 74

FILE: catalog/view/theme/luxshop/template/common/footer.twig
CODE: </footer>
LINE: 274

FILE: catalog/controller/common/footer.php
CODE: $this->load->language('common/footer');
LINE: 9
----------------------------------------------------------------
MOD: Luxshop - Agree Setting

FILE: admin/view/template/setting/setting.twig
CODE: <div class="tab-pane" id="tab-option">
LINE: 420

FILE: admin/language/uk-ua/setting/setting.php
CODE: // Heading
LINE: 12

FILE: admin/controller/setting/setting.php
CODE: $this->load->model('catalog/information');
LINE: 574
----------------------------------------------------------------
MOD: Luxshop - CALLBACK
CODE: </body>
LINE: 122
CODE: </body>
LINE: 412

FILE: catalog/controller/common/header.php
CODE: $data['home'] = $this->url->link('common/home');
LINE: 78
CODE: $this->load->language('common/footer');
LINE: 13

FILE: admin/view/template/common/header.twig
CODE: <ul class="nav navbar-nav navbar-right">
LINE: 59

FILE: admin/controller/common/column_left.php
CODE: if ($this->user->hasPermission('access', 'catalog/category')) {
LINE: 30

FILE: admin/language/uk-ua/common/column_left.php
CODE: // Text
LINE: 5

FILE: admin/language/uk-ua/common/header.php
CODE: // Text
LINE: 8
CODE: $this->load->language('common/column_left');
LINE: 8

FILE: admin/controller/common/header.php
CODE: $data['logout'] = $this->url->link('common/logout', 'user_token=' . $this->session->data['user_token'], true);
LINE: 40
----------------------------------------------------------------
MOD: Luxshop - EDITPRODUCT_PRO

FILE: catalog/controller/product/product.php
CODE: $data['column_left'] = $this->load->controller('common/column_left');
LINE: 468
LINE: 545

FILE: catalog/view/theme/luxshop/template/product/product.twig
CODE: {{ content_top }}
LINE: 30

FILE: catalog/controller/product/category.php
CODE: $data['column_left'] = $this->load->controller('common/column_left');
LINE: 432
LINE: 485

FILE: catalog/view/theme/luxshop/template/product/category.twig
CODE: {{ content_top }}
LINE: 46
----------------------------------------------------------------
MOD: Luxshop - Feedback widget
CODE: </footer>
LINE: 293
CODE: $this->load->model('catalog/information');
LINE: 33
----------------------------------------------------------------
MOD: Luxshop - Found Cheaper Product
CODE: <ul class="nav navbar-nav navbar-right">
LINE: 59
CODE: $data['logged'] = true;
LINE: 42
CODE: if ($this->user->hasPermission('access', 'catalog/category')) {
LINE: 45
CODE: public function index() {
LINE: 29
CODE: {{ footer }}
LINE: 1262
----------------------------------------------------------------
MOD: Luxshop - MAIN

FILE: catalog/controller/common/home.php
CODE: $data['header'] = $this->load->controller('common/header');
LINE: 102

FILE: catalog/controller/information/contact.php
CODE: $this->load->language('information/contact');
LINE: 52
LINE: 263

FILE: catalog/controller/information/information.php
CODE: $this->load->language('information/information');
LINE: 15

FILE: catalog/controller/product/compare.php
CODE: $json['total'] = sprintf($this->language->get('text_compare'), (isset($this->session->data['compare']) ? count($this->session->data['compare']) : 0));
LINE: 169

FILE: catalog/controller/account/wishlist.php
CODE: if (!$this->customer->isLogged()) {
LINE: 6
CODE: if (isset($this->request->get['remove'])) {
LINE: 23
CODE: $this->model_account_wishlist->deleteWishlist($this->request->get['remove']);
LINE: 30
CODE: $results = $this->model_account_wishlist->getWishlist();
LINE: 67
CODE: $product_info = $this->model_catalog_product->getProduct($result['product_id']);
LINE: 79
CODE: $data['products'][] = array(
LINE: 117
CODE: $json['success'] = sprintf($this->language->get('text_login'), $this->url->link('account/login', '', true), $this->url->link('account/register', '', true), $this->url->link('product/product', 'product_id=' . (int)$this->request->post['product_id']), $product_info['name'], $this->url->link('account/wishlist'));
LINE: 179
CODE: $json['total'] = sprintf($this->language->get('text_wishlist'), (isset($this->session->data['wishlist']) ? count($this->session->data['wishlist']) : 0));
LINE: 181
CODE: $json['total'] = sprintf($this->language->get('text_wishlist'), $this->model_account_wishlist->getTotalWishlist());
LINE: 169
CODE: $this->language->get('text_wishlist')
LINE: 67
LINE: 69
CODE: $this->load->language('common/header');
LINE: 316

FILE: catalog/controller/common/search.php
CODE: return $this->load->view('common/search', $data);
LINE: 56

FILE: catalog/controller/common/language.php
CODE: 'name' => $result['name'],
LINE: 21

FILE: catalog/controller/common/cart.php
CODE: $this->load->language('common/cart');
LINE: 12
CODE: $data['checkout'] = $this->url->link('checkout/checkout', '', true);
LINE: 142
CODE: $data['text_items'] = sprintf($this->language->get('text_items'), $this->cart->countProducts() + (isset($this->session->data['vouchers']) ? count($this->session->data['vouchers']) : 0), $this->currency->format($total, $this->session->data['currency']));
LINE: 62
CODE: $this->load->language('common/footer');
LINE: 176

FILE: catalog/controller/extension/module/carousel.php
CODE: $data['module'] = $module++;
LINE: 29

FILE: catalog/controller/extension/module/special.php
CODE: $this->load->model('tool/image');
LINE: 75
CODE: $data['products'][] = array(
LINE: 229
CODE: $data['products'][] = array(
LINE: 244

FILE: catalog/controller/extension/module/featured.php
CODE: $this->load->model('tool/image');
LINE: 75
CODE: $data['products'][] = array(
LINE: 229
CODE: $data['products'][] = array(
LINE: 244

FILE: catalog/controller/extension/module/latest.php
CODE: $this->load->model('tool/image');
LINE: 75
CODE: $data['products'][] = array(
LINE: 222
CODE: $data['products'][] = array(
LINE: 237

FILE: catalog/controller/extension/module/bestseller.php
CODE: $this->load->model('tool/image');
LINE: 75
CODE: $data['products'][] = array(
LINE: 222
CODE: $data['products'][] = array(
LINE: 237
CODE: $this->load->language('extension/module/featured');
LINE: 7
CODE: $data['products'][] = array(
LINE: 239
CODE: $this->load->language('extension/module/latest');
LINE: 8
CODE: $data['products'][] = array(
LINE: 233
CODE: $this->load->language('extension/module/bestseller');
LINE: 7
CODE: $data['products'][] = array(
LINE: 232
CODE: $this->load->language('extension/module/special');
LINE: 7
CODE: $data['products'][] = array(
LINE: 239

FILE: catalog/model/catalog/product.php
CODE: public function updateViewed($product_id) {
LINE: 20
CODE: getBestSellerProducts
LINE: 332
CODE: $product_option_value_data[] = array(
LINE: 392
CODE: $product_option_data[] = array(
LINE: 409
CODE: 'p.model',
LINE: 180
LINE: 235
CODE: $sql .= " ORDER BY
LINE: 190
LINE: 192
LINE: 194
LINE: 197
LINE: 243
LINE: 245
LINE: 248
CODE: if (!empty($data['filter_name']) && !empty($data['filter_tag'])) {
LINE: 145
LINE: 537

FILE: catalog/model/catalog/review.php
CODE: text = '" . $this->db->escape($data['text']) . "',
LINE: 3
CODE: r.author, r.rating, r.text,
LINE: 58
CODE: $this->load->language('product/product');
LINE: 31
LINE: 581
LINE: 621
LINE: 662
CODE: $data['description'] = html_entity_decode($product_info['description'], ENT_QUOTES, 'UTF-8');
LINE: 284
CODE: public function review() {
LINE: 596
CODE: 'text'       => nl2br($result['text']),
LINE: 622
CODE: if ((utf8_strlen($this->request->post['text']) < 25)
LINE: 671
CODE: $product_option_value_data[] = array(
LINE: 369
CODE: $data['options'][] = array(
LINE: 383
CODE: $this->model_catalog_product->updateViewed($this->request->get['product_id']);
LINE: 526
CODE: $this->response->setOutput($this->load->view('product/product', $data));
LINE: 554
CODE: $data['images'][] = array(
LINE: 316
CODE: $this->load->model('tool/image');
LINE: 463
CODE: $data['products'][] = array(
LINE: 688
CODE: 'name'        => $result['name'],
LINE: 708
CODE: $this->load->language('product/category');
LINE: 65
CODE: $data['categories'][] = array(
LINE: 247
CODE: $data['products'][] = array(
LINE: 338
CODE: $data['products'][] = array(
LINE: 352
CODE: $this->load->model('tool/image');
LINE: 98
CODE: $data['products'][] = array(
LINE: 434
CODE: $data['products'][] = array(
LINE: 441

FILE: catalog/controller/product/special.php
CODE: $this->load->model('tool/image');
LINE: 34
CODE: $data['products'][] = array(
LINE: 230
CODE: $data['products'][] = array(
LINE: 237

FILE: catalog/controller/product/search.php
CODE: $this->load->model('tool/image');
LINE: 39
CODE: $data['products'][] = array(
LINE: 326
CODE: $data['products'][] = array(
LINE: 333

FILE: catalog/controller/product/manufacturer.php
CODE: $this->load->model('tool/image');
LINE: 34
LINE: 117
CODE: $data['products'][] = array(
LINE: 354
CODE: $data['products'][] = array(
LINE: 361
CODE: $this->load->language('product/special');
LINE: 53
CODE: $data['products'][] = array(
LINE: 312
CODE: $data['products'][] = array(
LINE: 327
CODE: $data['categories'][$key]['manufacturer'][] = array(
LINE: 72
CODE: $data['categories'][$key]['manufacturer'][] = array(
LINE: 75
CODE: $this->load->language('product/manufacturer');
LINE: 9
CODE: $this->load->language('product/manufacturer');
LINE: 149
CODE: $data['products'][] = array(
LINE: 452
CODE: $data['products'][] = array(
LINE: 467
CODE: $this->load->language('product/search');
LINE: 56
CODE: $data['products'][] = array(
LINE: 408
CODE: $data['products'][] = array(
LINE: 421

FILE: catalog/controller/extension/module/category.php
CODE: if ($category['category_id'] == $data['category_id']) {
LINE: 34
CODE: $children_data[] = array(
LINE: 59
CODE: $children_data[] = array(
LINE: 62

FILE: catalog/controller/checkout/cart.php
CODE: $data['checkout'] = $this->url->link('checkout/checkout', '', true);
LINE: 221
CODE: $this->cart->add($this->request->post['product_id'], $quantity, $option, $recurring_id);
LINE: 340
CODE: $json['total'] = sprintf($this->language->get('text_items'), $this->cart->countProducts() + (isset($this->session->data['vouchers']) ? count($this->session->data['vouchers']) : 0), $this->currency->format($total, $this->session->data['currency']));
LINE: 398
LINE: 501
CODE: public function index() {
LINE: 30
CODE: $data['products'][] = array(
LINE: 168
CODE: $data['products'][] = array(
LINE: 171
CODE: $catalog = array();
LINE: 38
CODE: if ($this->user->hasPermission('access', 'catalog/product')) {
LINE: 77
CODE: $_['text_catalog']
LINE: 22

FILE: admin/view/template/common/column_left.twig
CODE: <i class="fa {{ menu.icon }} fw"></i>
LINE: 6

FILE: admin/model/catalog/review.php
CODE: text = '" . $this->db->escape(strip_tags($data['text'])) . "',
LINE: 6
LINE: 16

FILE: admin/controller/catalog/review.php
CODE: if (isset($this->request->post['rating'])) {
LINE: 542

FILE: admin/language/uk-ua/catalog/review.php
CODE: // Heading
LINE: 10

FILE: admin/view/template/catalog/review_form.twig
CODE: <select name="status" id="input-status" class="form-control">
LINE: 200

FILE: admin/controller/catalog/option.php
CODE: if (isset($this->request->post['sort_order'])) {
LINE: 337
CODE: $data['option_values'][] = array(
LINE: 369

FILE: admin/view/template/catalog/option_form.twig
CODE: <div id="content">
LINE: 4
CODE: <table id="option-value" class="table table-striped table-bordered table-hover">
LINE: 199
CODE: <td class="text-center">{{ entry_image }}</td>
LINE: 206
CODE: <td class="text-right"><input type="text" name="option_value[{{ option_value_row }}][sort_order]" value="{{ option_value.sort_order }}" class="form-control" /></td>
LINE: 232
CODE: html += '  <td class="text-right"><input type="text" name="option_value[' + option_value_row + '][sort_order]" value="" placeholder="{{ entry_sort_order }}" class="form-control" /></td>';
LINE: 277
CODE: <td colspan="3"></td>
LINE: 241
CODE: $('#option-value tbody').append(html);
LINE: 286

FILE: admin/model/catalog/option.php
CODE: type = '" . $this->db->escape($data['type']) . "',
LINE: 3
LINE: 27
CODE: sort_order = '" . (int)$option_value['sort_order'] . "'
LINE: 13
LINE: 41
LINE: 43
CODE: $option_value_data[] = array(
LINE: 138
LINE: 166

FILE: admin/language/uk-ua/catalog/option.php
CODE: $_['entry_image']
LINE: 38
CODE: $filter_data = array(
LINE: 261

FILE: catalog/controller/extension/module/banner.php
CODE: $this->document->addStyle('catalog/view/javascript/jquery/swiper/css/swiper.min.css');
LINE: 8
CODE: $this->document->addStyle('catalog/view/javascript/jquery/swiper/css/opencart.css');
LINE: 9
CODE: $this->document->addScript('catalog/view/javascript/jquery/swiper/js/swiper.jquery.js');
LINE: 10
CODE: $this->document->addStyle('catalog/view/javascript/jquery/swiper/css/swiper.min.css');
LINE: 8
CODE: $this->document->addStyle('catalog/view/javascript/jquery/swiper/css/opencart.css');
LINE: 9
CODE: $this->document->addScript('catalog/view/javascript/jquery/swiper/js/swiper.jquery.js');
LINE: 10

FILE: catalog/controller/extension/module/slideshow.php
CODE: $this->document->addStyle('catalog/view/javascript/jquery/swiper/css/swiper.min.css');
LINE: 8
CODE: $this->document->addStyle('catalog/view/javascript/jquery/swiper/css/opencart.css');
LINE: 9
CODE: $this->document->addScript('catalog/view/javascript/jquery/swiper/js/swiper.jquery.js');
LINE: 10
CODE: $data['banners'][] = array(
LINE: 22
CODE: $this->document->addScript('catalog/view/javascript/jquery/magnific/jquery.magnific-popup.min.js');
LINE: 261
CODE: $this->document->addStyle('catalog/view/javascript/jquery/magnific/magnific-popup.css');
LINE: 262
CODE: $this->document->addScript('catalog/view/javascript/jquery/datetimepicker/moment/moment.min.js');
LINE: 263
CODE: $this->document->addScript('catalog/view/javascript/jquery/datetimepicker/moment/moment-with-locales.min.js');
LINE: 264
CODE: $this->document->addScript('catalog/view/javascript/jquery/datetimepicker/bootstrap-datetimepicker.min.js');
LINE: 265
CODE: $this->document->addStyle('catalog/view/javascript/jquery/datetimepicker/bootstrap-datetimepicker.min.css');
LINE: 266
CODE: $data['attribute_groups']
LINE: 616

FILE: catalog/controller/startup/startup.php
CODE: $this->registry->set('weight', new Cart\Weight($this->registry));
LINE: 195

FILE: system/library/seopro.php
CODE: case 'information/information/info':
LINE: 239
CODE: public function validate() {
LINE: 479

FILE: catalog/language/uk-ua/uk-ua.php
CODE: $_['text_yes']
LINE: 15
CODE: $loader = new \Twig_Loader_Array(array($filename . '.twig' => $code));
NOT FOUND - OPERATION SKIPPED!
CODE: $loader = new \Twig\Loader\ArrayLoader(array($filename . '.twig' => $code));
LINE: 34

FILE: catalog/model/setting/module.php
CODE: return json_decode($query->row['setting'], true);
LINE: 7
----------------------------------------------------------------
MOD: LuxShop - Microdata
CODE: $data['column_left'] = $this->load->controller('common/column_left');
LINE: 60

FILE: catalog/view/theme/luxshop/template/common/home.twig
CODE: {{ header }}
LINE: 40
CODE: $data['discounts'] = array();
LINE: 548
CODE: $data['products'][] = array(
LINE: 745
CODE: {{ footer }}
LINE: 1374
CODE: $data['breadcrumbs'] = array();
LINE: 158
CODE: $data['breadcrumbs'] = array();
LINE: 134
CODE: $data['breadcrumbs'] = array();
LINE: 47
LINE: 239
CODE: {{ header }}
LINE: 22

FILE: catalog/view/theme/luxshop/template/product/special.twig
CODE: {{ header }}
LINE: 22

FILE: catalog/view/theme/luxshop/template/product/manufacturer_info.twig
CODE: {{ header }}
LINE: 22

FILE: catalog/view/theme/luxshop/template/product/manufacturer_list.twig
CODE: {{ header }}
LINE: 22
CODE: $this->load->model('tool/image');
LINE: 74
CODE: $this->load->model('tool/image');
LINE: 60
CODE: $this->load->model('tool/image');
LINE: 8
LINE: 19
LINE: 167
CODE: $data['breadcrumbs'] = array();
LINE: 22
CODE: $data['breadcrumbs'] = array();
LINE: 79
LINE: 273

FILE: catalog/view/theme/luxshop/template/information/contact.twig
CODE: {{ header }}
LINE: 22

FILE: catalog/view/theme/luxshop/template/information/information.twig
CODE: {{ header }}
LINE: 22
----------------------------------------------------------------
MOD: Luxshop - mob device

FILE: catalog/model/design/layout.php
CODE: public function getLayoutModules($layout_id, $position) {
LINE: 31
CODE: '" . $this->db->escape($position) . "'
LINE: 32

FILE: admin/controller/design/layout.php
CODE: protected function getForm() {
LINE: 260
CODE: 'position'   => $layout_module['position'],
LINE: 392
LINE: 407

FILE: admin/language/uk-ua/design/layout.php
CODE: // Text
LINE: 13

FILE: admin/model/design/layout.php
CODE: foreach ($data['layout_module'] as $layout_module) {
LINE: 25
LINE: 58
CODE: position = '" . $this->db->escape($layout_module['position']) . "',
LINE: 26
LINE: 59

FILE: admin/view/template/design/layout_form.twig
CODE: <td class="text-center">{{ text_column_left }}</td>
LINE: 87
CODE: <td class="text-center">{{ text_content_top }}</td>
LINE: 161
CODE: <td class="text-center">{{ text_content_bottom }}</td>
LINE: 233
CODE: <td class="text-center">{{ text_column_right }}</td>
LINE: 307
CODE: <tr id="module-row{{ module_row }}">
LINE: 96
LINE: 173
LINE: 248
LINE: 325
CODE: html  = '<tr id="module-row' + module_row + '">';
LINE: 427
CODE: <tfoot>
LINE: 130
LINE: 205
LINE: 278
LINE: 353
----------------------------------------------------------------
MOD: Luxshop - News
CODE: // Text
LINE: 9
CODE: if ($this->user->hasPermission('access', 'catalog/category')) {
LINE: 94

FILE: catalog/controller/startup/seo_url.php
CODE: if ($url[0] == 'manufacturer_id') {
LINE: 67
CODE: $url[0] != 'information_id'
LINE: 75
CODE: } elseif (isset($this->request->get['manufacturer_id'])) {
LINE: 98
CODE: ($data['route'] == 'information/information' && $key == 'information_id')
LINE: 139
CODE: } elseif ($key == 'path') {
LINE: 167
CODE: if ($url[0] == 'category_id') {
LINE: 73
CODE: } elseif (isset($this->request->get['manufacturer_id'])) {
LINE: 125
CODE: case 'product/product':
LINE: 172
CODE: case 'product/product/review':
LINE: 268
LINE: 276
CODE: case 'product_id':
LINE: 320
CODE: public function validate() {
LINE: 592

FILE: catalog/controller/extension/feed/google_sitemap.php
CODE: $this->load->model('catalog/information');
LINE: 84
CODE: protected function getCategories($parent_id, $current_path = '') {
LINE: 128
----------------------------------------------------------------
MOD: Luxshop - NEWSLATTER
CODE: public function index() {
LINE: 45

FILE: catalog/model/account/customer.php
CODE: public function deleteLoginAttempts($email) {
LINE: 141
CODE: <div class="footer-top">
LINE: 61
CODE: </footer>
LINE: 319

FILE: admin/view/template/marketing/contact.twig
CODE: <option value="product">{{ text_product }}</option>
LINE: 50

FILE: admin/language/uk-ua/marketing/contact.php
CODE: $_['text_product']
LINE: 19

FILE: admin/controller/marketing/contact.php
CODE: $email_total = $this->model_customer_customer->getTotalCustomers($customer_data);
LINE: 94
LINE: 108
LINE: 123
CODE: case 'product':
LINE: 221

FILE: admin/model/customer/customer.php
CODE: public function getTotalCustomers($data = array()) {
LINE: 311
CODE: if ($this->user->hasPermission('access', 'catalog/category')) {
LINE: 103
CODE: $_['text_catalog']
LINE: 32
----------------------------------------------------------------
MOD: Luxshop - Product tabs
CODE: if ($this->user->hasPermission('access', 'catalog/category')) {
LINE: 115
CODE: $_['text_catalog']
LINE: 35

FILE: admin/controller/catalog/product.php
CODE: $this->load->model('design/layout');
LINE: 1642

FILE: admin/language/uk-ua/catalog/product.php
CODE: $_['text_add']
LINE: 15

FILE: admin/model/catalog/product.php
CODE: if (isset($data['product_attribute'])) {
LINE: 40
CODE: $this->db->query("DELETE FROM " . DB_PREFIX . "product_attribute WHERE product_id = '" . (int)$product_id . "'");
LINE: 216
LINE: 442
CODE: public function getProductAttributes($product_id) {
LINE: 675

FILE: admin/view/template/catalog/product_form.twig
CODE: <li><a href="#tab-attribute" data-toggle="tab">{{ tab_attribute }}</a></li>
LINE: 35
CODE: <div class="tab-pane" id="tab-attribute">
LINE: 646
CODE: $this->load->model('tool/image');
LINE: 302
----------------------------------------------------------------
MOD: Luxshop - Question Answer
CODE: <ul class="nav navbar-nav navbar-right">
LINE: 60
CODE: if ($this->user->hasPermission('access', 'catalog/category')) {
LINE: 126
CODE: $data['logged'] = true;
LINE: 43
CODE: public function index() {
LINE: 16
----------------------------------------------------------------
MOD: Luxshop - QUICK-ORDER
CODE: 'weight'                  => $product_option_value['weight'],
LINE: 412
CODE: $product_option_value_data[] = array(
LINE: 591
CODE: <ul class="nav navbar-nav navbar-right">
LINE: 59
CODE: if ($this->user->hasPermission('access', 'catalog/category')) {
LINE: 124
CODE: // Text
LINE: 5
CODE: // Text
LINE: 8
CODE: $data['logged'] = true;
LINE: 37
----------------------------------------------------------------
MOD: Luxshop - Reviews-Store
CODE: if ($this->user->hasPermission('access', 'catalog/category')) {
LINE: 152
CODE: <ul class="nav navbar-nav navbar-right">
LINE: 59
CODE: $data['logout'] = $this->url->link('common/logout', 'user_token=' . $this->session->data['user_token'], true);
LINE: 70
CODE: $_['text_catalog']
LINE: 43
----------------------------------------------------------------
MOD: Luxshop - SVG IMG

FILE: admin/controller/common/filemanager.php
CODE: jpg,jpeg,png,gif,JPG,JPEG,PNG,GIF
LINE: 59
CODE: 'jpg',
LINE: 259
CODE: 'image/jpeg',
LINE: 272

FILE: admin/model/tool/image.php
CODE: $extension = pathinfo($filename, PATHINFO_EXTENSION);
LINE: 16

FILE: catalog/model/tool/image.php
CODE: $extension = pathinfo($filename, PATHINFO_EXTENSION);
LINE: 16
----------------------------------------------------------------
MOD: Luxshop - UT5

FILE: admin/controller/localisation/order_status.php
CODE: function index()
LINE: 64
CODE: function getList()
LINE: 179
CODE: 'order_status_id' => $result['order_status_id'],
LINE: 247

FILE: admin/language/uk-ua/localisation/order_status.php
CODE: $_['text_list']
LINE: 12

FILE: admin/model/localisation/order_status.php
CODE: function addOrderStatus
LINE: 13

FILE: admin/view/template/localisation/order_status_list.twig
CODE: <td class="text-right">{{ column_action }}</td>
LINE: 47
CODE: <td class="text-left">{{ order_status.name }}</td>
LINE: 64
CODE: {{ footer }}
LINE: 148

FILE: admin/view/template/localisation/order_status_form.twig
CODE: </form>
LINE: 78
CODE: {{ footer }}
LINE: 103
CODE: function getForm() {
LINE: 326
CODE: name = '" . $this->db->escape($value['name']) . "'
LINE: 16
LINE: 18
LINE: 33
CODE: 'name' => $result['name']
LINE: 99
CODE: $_['entry_name']
LINE: 100

FILE: admin/view/template/sale/order_list.twig
CODE: <div class="panel-body">
LINE: 101
CODE: <button type="button" id="button-filter" class="btn btn-default"><i class="fa fa-filter"></i> {{ button_filter }}</button>
LINE: 157
CODE: var filter_order_id = $('input[name=\'filter_order_id\']').val();
LINE: 274
CODE: <td class="text-left">{% if sort == 'order_status' %} <a href="{{ sort_status }}" class="{{ order|lower }}">{{ column_status }}</a> {% else %} <a href="{{ sort_status }}">{{ column_status }}</a> {% endif %}</td>
LINE: 190
CODE: {% for order in orders %}
LINE: 200
CODE: <td class="text-left">{{ order.customer }}</td>
LINE: 211
CODE: <td class="text-left">{{ order.order_status }}</td>
LINE: 342
CODE: <td class="text-left">{{ order.date_added }}</td>
LINE: 362
CODE: {{ footer }}
LINE: 865
CODE: $_['entry_price']
LINE: 68
CODE: if (isset($this->request->post['price'])) {
LINE: 1108
CODE: <label class="col-sm-2 control-label" for="input-price">{{ entry_price }}</label>
LINE: 159
CODE: price = '" . (float)$data['price'] . "',
LINE: 6
LINE: 179

FILE: admin/language/uk-ua/sale/order.php
CODE: $_['text_list']
LINE: 30

FILE: admin/controller/sale/order.php
CODE: function getList() {
LINE: 240
CODE: foreach ($results as $result) {
LINE: 437
CODE: 'shipping_code' => $result['shipping_code'],
LINE: 471
CODE: public function index() {
LINE: 370
CODE: if (isset($this->request->get['filter_order_id'])) {
LINE: 644
CODE: if (isset($this->request->get['filter_order_id'])) {
LINE: 729
LINE: 950
LINE: 1020
CODE: 'filter_order_id'        => $filter_order_id,
LINE: 798
CODE: $data['filter_order_id'] = $filter_order_id;
LINE: 1084

FILE: admin/model/sale/order.php
CODE: if (!empty($data['filter_order_id'])) {
LINE: 190
CODE: function getOrderProducts
LINE: 307
CODE: $sql = "SELECT o.order_id, CONCAT(o.firstname, ' ', o.lastname) AS customer, (SELECT os.name FROM " . DB_PREFIX . "order_status os WHERE os.order_status_id = o.order_status_id AND os.language_id = '" . (int)$this->config->get('config_language_id') . "') AS order_status, o.shipping_code, o.total, o.currency_code, o.currency_value, o.date_added, o.date_modified FROM `" . DB_PREFIX . "order` o";
LINE: 150
CODE: $sql .= " AND CONCAT(o.firstname, ' ', o.lastname) LIKE '%" . $this->db->escape($data['filter_customer']) . "%'";
LINE: 197
----------------------------------------------------------------
MOD: Обновление цены при выборе опций OC2 (без AJAX)
CODE: value="{{ option_value.product_option_value_id }}"
LINE: 207
LINE: 225
LINE: 232
LINE: 239
LINE: 258
LINE: 265
LINE: 272
CODE: {{ footer }}
LINE: 1599
CODE: 'weight'                  => $product_option_value['weight'],
LINE: 416
CODE: $data['options'] = array();
LINE: 606
CODE: $product_option_value_data[] = array(
LINE: 623
----------------------------------------------------------------
